<?xml version="1.0" encoding="UTF-8"?>
<!-- Generated by org.testng.reporters.JUnitReportReporter -->
<testsuite skipped="0" hostname="IN-IT1483" name="com.project.GitJenkins.seleniumGitJenkins.AmazonShoppe" tests="3" failures="0" timestamp="02 Aug 2019 10:30:26 GMT" time="18.771" errors="0">
  <testcase name="getMenuNames" time="0.016" classname="com.project.GitJenkins.seleniumGitJenkins.AmazonShoppe"/>
  <testcase name="Login" time="17.355" classname="com.project.GitJenkins.seleniumGitJenkins.AmazonShoppe"/>
  <testcase name="addItems" time="1.400" classname="com.project.GitJenkins.seleniumGitJenkins.AmazonShoppe"/>
</testsuite> <!-- com.project.GitJenkins.seleniumGitJenkins.AmazonShoppe -->
